<?xml version="1.0" encoding="UTF-8"?>
<testsuite xmlns:xsi="http://www.w3.org/2001/XMLSchema-instance" xsi:noNamespaceSchemaLocation="https://maven.apache.org/surefire/maven-surefire-plugin/xsd/surefire-test-report-3.0.xsd" version="3.0" name="TestSuite" time="3.443" tests="2" errors="0" skipped="0" failures="0">
  <properties>
[...]
</properties>
  <testcase name="f" classname="selenium.adv.test.Login" time="0.466">
    <system-err><![CDATA[SLF4J: Failed to load class "org.slf4j.impl.StaticLoggerBinder".
SLF4J: Defaulting to no-operation (NOP) logger implementation
SLF4J: See http://www.slf4j.org/codes.html#StaticLoggerBinder for further details.
1659544207908	geckodriver	INFO	Listening on 127.0.0.1:1585
1659544208490	mozrunner::runner	INFO	Running command: "C:\\Program Files\\Mozilla Firefox\\firefox.exe" "--marionette" "-no-remote" "-profile" "C:\\WINDOWS\\TEMP\\rust_mozprofile7MT0EQ"
1659544208716	Marionette	INFO	Marionette enabled
1659544208719	Marionette	INFO	Listening on port 51640
Read port: 51640
1659544208880	RemoteAgent	WARN	TLS certificate errors will be ignored for this session
[GFX1-]: RcANGLE(no compositor window)
[GFX1-]: Failed to connect WebRenderBridgeChild. isParent=true
[GFX1-]: Fallback WR to SW-WR + D3D11
[GFX1-]: [D3D11] create swap chain failed: 0x887a0022, 0
[GFX1-]: Failed to initialize CompositorD3D11 for SWGL: FEATURE_FAILURE_D3D11_SWAP_CHAIN
console.warn: SearchSettings: "get: No settings file exists, new profile?" (new NotFoundError("Could not open the file at C:\\WINDOWS\\TEMP\\rust_mozprofile7MT0EQ\\search.json.mozlz4", (void 0)))
Aug 03, 2022 12:30:09 PM org.openqa.selenium.remote.ProtocolHandshake createSession
INFO: Detected dialect: W3C
console.warn: LoginRecipes: "getRecipes: falling back to a synchronous message for:" "https://lobonode.ddns.net"
JavaScript error: resource://gre/modules/XULStore.jsm, line 68: Error: Can't find profile directory.
JavaScript error: resource://gre/modules/XULStore.jsm, line 68: Error: Can't find profile directory.
]]></system-err>
  </testcase>
  <testcase name="test3" classname="selenium.adv.test.Login" time="0.011">
    <system-out><![CDATA[After Assert equals
After Assert true
]]></system-out>
  </testcase>
</testsuite>