<?xml version="1.0" encoding="UTF-8"?>
<testng-results ignored="0" total="2" passed="2" failed="0" skipped="0">
  <reporter-output>
  </reporter-output>
  <suite started-at="2022-08-03T12:30:07 EDT" name="Suite" finished-at="2022-08-03T12:30:10 EDT" duration-ms="3021">
    <groups>
    </groups>
    <test started-at="2022-08-03T12:30:07 EDT" name="Test" finished-at="2022-08-03T12:30:10 EDT" duration-ms="3021">
      <class name="selenium.adv.test.Login">
        <test-method is-config="true" signature="beforeClass(java.lang.String,java.lang.String)[pri:0, instance:selenium.adv.test.Login@51c668e3]" started-at="2022-08-03T12:30:07 EDT" name="beforeClass" finished-at="2022-08-03T12:30:09 EDT" duration-ms="2064" status="PASS">
          <params>
            <param index="0">
              <value>
                <![CDATA[Firefox]]>
              </value>
            </param>
            <param index="1">
              <value>
                <![CDATA[https://lobonode.ddns.net]]>
              </value>
            </param>
          </params>
          <reporter-output>
          </reporter-output>
        </test-method> <!-- beforeClass -->
        <test-method signature="f()[pri:0, instance:selenium.adv.test.Login@51c668e3]" started-at="2022-08-03T12:30:09 EDT" name="f" finished-at="2022-08-03T12:30:10 EDT" duration-ms="466" status="PASS">
          <reporter-output>
          </reporter-output>
        </test-method> <!-- f -->
        <test-method signature="test3()[pri:0, instance:selenium.adv.test.Login@51c668e3]" started-at="2022-08-03T12:30:10 EDT" name="test3" finished-at="2022-08-03T12:30:10 EDT" duration-ms="10" status="PASS">
          <reporter-output>
          </reporter-output>
        </test-method> <!-- test3 -->
        <test-method is-config="true" signature="afterClass()[pri:0, instance:selenium.adv.test.Login@51c668e3]" started-at="2022-08-03T12:30:10 EDT" name="afterClass" finished-at="2022-08-03T12:30:10 EDT" duration-ms="459" status="PASS">
          <reporter-output>
          </reporter-output>
        </test-method> <!-- afterClass -->
      </class> <!-- selenium.adv.test.Login -->
    </test> <!-- Test -->
  </suite> <!-- Suite -->
</testng-results>
